nohup: no se tendrá en cuenta la entrada
2016-12-09 20:05:48.434+0000 INFO  No SSL certificate found, generating a self-signed certificate..
2016-12-09 20:05:52.086+0000 INFO  Starting...
2016-12-09 20:05:54.153+0000 INFO  Bolt enabled on localhost:7687.
2016-12-09 20:06:03.065+0000 INFO  Started.
2016-12-09 20:06:06.931+0000 INFO  Remote interface available at http://localhost:7474/
2016-12-09 20:06:30.528+0000 WARN  Failed authentication attempt for 'neo4j' from 127.0.0.1
2016-12-09 20:08:44.715+0000 WARN  Failed authentication attempt for 'neo4j' from 127.0.0.1
2016-12-10 00:40:01.679+0000 INFO  Neo4j Server shutdown initiated by request
2016-12-10 00:40:02.059+0000 INFO  Stopping...
2016-12-10 00:40:02.960+0000 INFO  Stopped.
nohup: no se tendrá en cuenta la entrada
2016-12-13 00:11:03.645+0000 INFO  Starting...
2016-12-13 00:11:05.756+0000 INFO  Bolt enabled on localhost:7687.
2016-12-13 00:11:17.297+0000 INFO  Started.
2016-12-13 00:11:23.097+0000 INFO  Remote interface available at http://localhost:7474/
2016-12-13 00:27:39.766+0000 WARN  Failed authentication attempt for 'neo4j' from 127.0.0.1
2016-12-13 00:27:44.678+0000 WARN  Failed authentication attempt for 'neo4j' from 127.0.0.1
2016-12-13 00:27:47.314+0000 WARN  Failed authentication attempt for 'neo4j' from 127.0.0.1
2016-12-13 00:27:53.082+0000 WARN  Failed authentication attempt for 'neo4j' from 127.0.0.1
2016-12-13 00:28:12.393+0000 WARN  Failed authentication attempt for 'neo4j' from 127.0.0.1
2016-12-13 00:28:26.026+0000 WARN  Failed authentication attempt for 'neo4j' from 127.0.0.1
2016-12-13 00:28:39.052+0000 WARN  Failed authentication attempt for 'neo4j' from 127.0.0.1
2016-12-13 00:29:09.042+0000 WARN  Failed authentication attempt for 'neo4j' from 127.0.0.1
2016-12-13 00:29:23.355+0000 WARN  Failed authentication attempt for 'neo4j' from 127.0.0.1
2016-12-13 00:29:30.013+0000 WARN  Failed authentication attempt for 'neo4j' from 127.0.0.1
2016-12-13 00:29:35.420+0000 WARN  Failed authentication attempt for 'neo4j' from 127.0.0.1
2016-12-13 00:29:47.144+0000 WARN  Failed authentication attempt for 'neo4j' from 127.0.0.1
2016-12-13 00:31:29.154+0000 INFO  Neo4j Server shutdown initiated by request
2016-12-13 00:31:29.246+0000 INFO  Stopping...
2016-12-13 00:31:29.861+0000 INFO  Stopped.
nohup: no se tendrá en cuenta la entrada
2016-12-13 01:56:41.302+0000 INFO  Starting...
2016-12-13 01:56:44.297+0000 INFO  Bolt enabled on localhost:7687.
2016-12-13 01:57:00.224+0000 INFO  Started.
2016-12-13 01:57:07.067+0000 INFO  Remote interface available at http://localhost:7474/
2016-12-13 01:57:40.726+0000 WARN  Illegal character 0x16 in state=START for buffer HeapByteBuffer@400b952f[p=1,l=190,c=8192,r=189]={\x16<<<\x03\x01\x00\xB9\x01\x00\x00\xB5\x03\x03EH\xEa~\x96\xAd(...\x02\x01\x00\x00\n\x00\x08\x00\x06\x00\x1d\x00\x17\x00\x18>>>\x00\x00\x00\x00\x00\x00\x00\x00\x00\x00\x00\x00\x00\x00\x00\x00\x00...\x00\x00\x00\x00\x00\x00\x00\x00\x00\x00\x00\x00\x00\x00\x00}
2016-12-13 01:57:40.727+0000 WARN  Illegal character 0x16 in state=START for buffer HeapByteBuffer@4c3bc910[p=1,l=190,c=8192,r=189]={\x16<<<\x03\x01\x00\xB9\x01\x00\x00\xB5\x03\x03\xC9T9#\xA6\xAfQ...\x02\x01\x00\x00\n\x00\x08\x00\x06\x00\x1d\x00\x17\x00\x18>>>\x00\x00\x00\x00\x00\x00\x00\x00\x00\x00\x00\x00\x00\x00\x00\x00\x00...\x00\x00\x00\x00\x00\x00\x00\x00\x00\x00\x00\x00\x00\x00\x00}
2016-12-13 01:57:40.729+0000 WARN  badMessage: 400 Illegal character 0x16 for HttpChannelOverHttp@1ea17483{r=0,c=false,a=IDLE,uri=-}
2016-12-13 01:57:40.731+0000 WARN  badMessage: 400 Illegal character 0x16 for HttpChannelOverHttp@1972112c{r=0,c=false,a=IDLE,uri=-}
2016-12-13 01:57:43.828+0000 WARN  Illegal character 0x16 in state=START for buffer HeapByteBuffer@6dcef72e[p=1,l=190,c=8192,r=189]={\x16<<<\x03\x01\x00\xB9\x01\x00\x00\xB5\x03\x03\xB8\xD3\xB0\xCf\xF0\x18~...\x02\x01\x00\x00\n\x00\x08\x00\x06\x00\x1d\x00\x17\x00\x18>>>\x00\x00\x00\x00\x00\x00\x00\x00\x00\x00\x00\x00\x00\x00\x00\x00\x00...\x00\x00\x00\x00\x00\x00\x00\x00\x00\x00\x00\x00\x00\x00\x00}
2016-12-13 01:57:43.828+0000 WARN  badMessage: 400 Illegal character 0x16 for HttpChannelOverHttp@c3dad03{r=0,c=false,a=IDLE,uri=-}
2016-12-13 04:17:37.932+0000 INFO  Neo4j Server shutdown initiated by request
2016-12-13 04:17:38.078+0000 INFO  Stopping...
2016-12-13 04:17:38.684+0000 INFO  Stopped.
nohup: no se tendrá en cuenta la entrada
2016-12-13 15:47:22.841+0000 INFO  Starting...
2016-12-13 15:47:26.022+0000 INFO  Bolt enabled on localhost:7687.
2016-12-13 15:47:39.142+0000 INFO  Started.
2016-12-13 15:47:44.167+0000 INFO  Remote interface available at http://localhost:7474/
2016-12-13 20:13:49.256+0000 INFO  Neo4j Server shutdown initiated by request
2016-12-13 20:13:49.455+0000 INFO  Stopping...
2016-12-13 20:13:50.050+0000 INFO  Stopped.
nohup: no se tendrá en cuenta la entrada
2016-12-14 01:52:11.475+0000 INFO  Starting...
2016-12-14 01:52:13.739+0000 INFO  Bolt enabled on localhost:7687.
2016-12-14 01:52:24.574+0000 INFO  Started.
2016-12-14 01:52:28.761+0000 INFO  Remote interface available at http://localhost:7474/
2016-12-14 03:11:44.453+0000 INFO  Neo4j Server shutdown initiated by request
2016-12-14 03:11:44.568+0000 INFO  Stopping...
2016-12-14 03:11:45.126+0000 INFO  Stopped.
nohup: no se tendrá en cuenta la entrada
2016-12-14 13:33:34.232+0000 INFO  Starting...
2016-12-14 13:33:38.293+0000 INFO  Bolt enabled on localhost:7687.
2016-12-14 13:33:52.023+0000 INFO  Started.
2016-12-14 13:33:57.184+0000 INFO  Remote interface available at http://localhost:7474/
2016-12-14 20:25:21.126+0000 INFO  Neo4j Server shutdown initiated by request
2016-12-14 20:25:21.801+0000 INFO  Stopping...
2016-12-14 20:25:22.593+0000 INFO  Stopped.
nohup: no se tendrá en cuenta la entrada
2016-12-15 16:00:10.620+0000 INFO  Starting...
2016-12-15 16:00:13.757+0000 INFO  Bolt enabled on localhost:7687.
2016-12-15 16:00:29.672+0000 INFO  Started.
2016-12-15 16:00:35.938+0000 INFO  Remote interface available at http://localhost:7474/
2016-12-15 16:38:05.046+0000 INFO  Neo4j Server shutdown initiated by request
2016-12-15 16:38:05.164+0000 INFO  Stopping...
2016-12-15 16:38:05.816+0000 INFO  Stopped.
nohup: no se tendrá en cuenta la entrada
2016-12-17 13:23:40.002+0000 INFO  Starting...
2016-12-17 13:23:42.349+0000 INFO  Bolt enabled on localhost:7687.
2016-12-17 13:23:56.969+0000 INFO  Started.
2016-12-17 13:24:02.250+0000 INFO  Remote interface available at http://localhost:7474/
2016-12-17 13:24:22.888+0000 WARN  Failed authentication attempt for 'neo4j' from 127.0.0.1
2016-12-18 01:32:40.705+0000 INFO  Neo4j Server shutdown initiated by request
2016-12-18 01:32:41.108+0000 INFO  Stopping...
2016-12-18 01:32:41.779+0000 INFO  Stopped.
nohup: no se tendrá en cuenta la entrada
2016-12-19 00:31:04.766+0000 INFO  Starting...
2016-12-19 00:31:09.343+0000 INFO  Bolt enabled on localhost:7687.
2016-12-19 00:31:28.179+0000 INFO  Started.
2016-12-19 00:31:35.679+0000 INFO  Remote interface available at http://localhost:7474/
2016-12-19 00:51:25.326+0000 INFO  Neo4j Server shutdown initiated by request
2016-12-19 00:51:26.205+0000 INFO  Stopping...
2016-12-19 00:51:27.619+0000 INFO  Stopped.
nohup: no se tendrá en cuenta la entrada
2016-12-19 00:56:45.910+0000 INFO  Starting...
2016-12-19 00:56:48.549+0000 INFO  Bolt enabled on localhost:7687.
2016-12-19 00:56:59.904+0000 INFO  Started.
2016-12-19 00:57:04.171+0000 INFO  Remote interface available at http://localhost:7474/
2016-12-19 03:52:19.533+0000 INFO  Neo4j Server shutdown initiated by request
2016-12-19 03:52:19.637+0000 INFO  Stopping...
2016-12-19 03:52:20.292+0000 INFO  Stopped.
nohup: no se tendrá en cuenta la entrada
2016-12-19 13:32:47.673+0000 INFO  Starting...
2016-12-19 13:32:50.375+0000 INFO  Bolt enabled on localhost:7687.
2016-12-19 13:33:01.745+0000 INFO  Started.
2016-12-19 13:33:05.954+0000 INFO  Remote interface available at http://localhost:7474/
2016-12-19 20:53:54.741+0000 INFO  Neo4j Server shutdown initiated by request
2016-12-19 20:53:55.071+0000 INFO  Stopping...
2016-12-19 20:53:55.959+0000 INFO  Stopped.
nohup: no se tendrá en cuenta la entrada
2016-12-20 14:20:41.577+0000 INFO  Starting...
2016-12-20 14:20:44.288+0000 INFO  Bolt enabled on localhost:7687.
2016-12-20 14:20:55.689+0000 INFO  Started.
2016-12-20 14:20:59.851+0000 INFO  Remote interface available at http://localhost:7474/
2016-12-20 17:19:51.520+0000 INFO  Neo4j Server shutdown initiated by request
2016-12-20 17:19:51.829+0000 INFO  Stopping...
2016-12-20 17:19:52.648+0000 INFO  Stopped.
nohup: no se tendrá en cuenta la entrada
2016-12-21 13:22:35.408+0000 INFO  Starting...
2016-12-21 13:22:38.664+0000 INFO  Bolt enabled on localhost:7687.
2016-12-21 13:22:53.854+0000 INFO  Started.
2016-12-21 13:22:59.109+0000 INFO  Remote interface available at http://localhost:7474/
2016-12-21 17:22:07.094+0000 INFO  Neo4j Server shutdown initiated by request
2016-12-21 17:22:07.515+0000 INFO  Stopping...
2016-12-21 17:22:08.266+0000 INFO  Stopped.
nohup: no se tendrá en cuenta la entrada
2016-12-22 19:41:38.382+0000 INFO  Starting...
2016-12-22 19:41:41.153+0000 INFO  Bolt enabled on localhost:7687.
2016-12-22 19:41:53.419+0000 INFO  Started.
2016-12-22 19:41:58.109+0000 INFO  Remote interface available at http://localhost:7474/
2016-12-22 20:57:00.719+0000 INFO  Neo4j Server shutdown initiated by request
2016-12-22 20:57:00.795+0000 INFO  Stopping...
2016-12-22 20:57:01.455+0000 INFO  Stopped.
nohup: no se tendrá en cuenta la entrada
2016-12-23 13:46:17.046+0000 INFO  Starting...
2016-12-23 13:46:19.726+0000 INFO  Bolt enabled on localhost:7687.
2016-12-23 13:46:31.085+0000 INFO  Started.
2016-12-23 13:46:35.138+0000 INFO  Remote interface available at http://localhost:7474/
2016-12-23 18:04:12.718+0000 INFO  Neo4j Server shutdown initiated by request
2016-12-23 18:04:12.875+0000 INFO  Stopping...
2016-12-23 18:04:13.599+0000 INFO  Stopped.
nohup: no se tendrá en cuenta la entrada
2016-12-24 03:04:55.018+0000 INFO  Starting...
2016-12-24 03:04:57.617+0000 INFO  Bolt enabled on localhost:7687.
2016-12-24 03:05:09.691+0000 INFO  Started.
2016-12-24 03:05:13.750+0000 INFO  Remote interface available at http://localhost:7474/
2016-12-24 04:39:12.697+0000 INFO  Neo4j Server shutdown initiated by request
2016-12-24 04:39:12.770+0000 INFO  Stopping...
2016-12-24 04:39:13.486+0000 INFO  Stopped.
nohup: no se tendrá en cuenta la entrada
2016-12-24 14:25:15.979+0000 INFO  Starting...
2016-12-24 14:25:18.651+0000 INFO  Bolt enabled on localhost:7687.
2016-12-24 14:25:30.312+0000 INFO  Started.
2016-12-24 14:25:34.578+0000 INFO  Remote interface available at http://localhost:7474/
2016-12-24 20:37:09.731+0000 INFO  Neo4j Server shutdown initiated by request
2016-12-24 20:37:09.919+0000 INFO  Stopping...
2016-12-24 20:37:10.662+0000 INFO  Stopped.
nohup: no se tendrá en cuenta la entrada
2016-12-26 14:31:22.928+0000 INFO  Starting...
2016-12-26 14:31:27.790+0000 INFO  Bolt enabled on localhost:7687.
2016-12-26 14:31:47.439+0000 INFO  Started.
2016-12-26 14:31:52.546+0000 INFO  Remote interface available at http://localhost:7474/
2016-12-26 15:42:36.188+0000 INFO  Neo4j Server shutdown initiated by request
2016-12-26 15:42:36.326+0000 INFO  Stopping...
2016-12-26 15:42:37.031+0000 INFO  Stopped.
nohup: no se tendrá en cuenta la entrada
2016-12-27 18:07:39.117+0000 INFO  Starting...
2016-12-27 18:07:41.757+0000 INFO  Bolt enabled on localhost:7687.
2016-12-27 18:07:53.821+0000 INFO  Started.
2016-12-27 18:07:57.794+0000 INFO  Remote interface available at http://localhost:7474/
2016-12-27 20:28:52.249+0000 INFO  Neo4j Server shutdown initiated by request
2016-12-27 20:28:52.412+0000 INFO  Stopping...
2016-12-27 20:28:53.172+0000 INFO  Stopped.
nohup: no se tendrá en cuenta la entrada
2016-12-30 14:44:25.540+0000 INFO  Starting...
2016-12-30 14:44:28.249+0000 INFO  Bolt enabled on localhost:7687.
2016-12-30 14:44:40.134+0000 INFO  Started.
2016-12-30 14:44:44.352+0000 INFO  Remote interface available at http://localhost:7474/
2016-12-30 21:17:19.996+0000 INFO  Neo4j Server shutdown initiated by request
2016-12-30 21:17:20.604+0000 INFO  Stopping...
2016-12-30 21:17:21.638+0000 INFO  Stopped.
nohup: no se tendrá en cuenta la entrada
2016-12-31 15:01:23.916+0000 INFO  Starting...
2016-12-31 15:01:27.681+0000 INFO  Bolt enabled on localhost:7687.
2016-12-31 15:01:45.876+0000 INFO  Started.
2016-12-31 15:01:52.907+0000 INFO  Remote interface available at http://localhost:7474/
2016-12-31 23:10:19.077+0000 INFO  Neo4j Server shutdown initiated by request
2016-12-31 23:10:19.890+0000 INFO  Stopping...
2016-12-31 23:10:20.914+0000 INFO  Stopped.
nohup: no se tendrá en cuenta la entrada
2017-01-02 18:30:05.398+0000 INFO  Starting...
2017-01-02 18:30:08.110+0000 INFO  Bolt enabled on localhost:7687.
2017-01-02 18:30:20.340+0000 INFO  Started.
2017-01-02 18:30:26.893+0000 INFO  Remote interface available at http://localhost:7474/
2017-01-03 02:57:34.240+0000 INFO  Neo4j Server shutdown initiated by request
2017-01-03 02:57:34.392+0000 INFO  Stopping...
2017-01-03 02:57:35.251+0000 INFO  Stopped.
nohup: no se tendrá en cuenta la entrada
2017-01-04 16:03:08.193+0000 INFO  Starting...
2017-01-04 16:03:10.899+0000 INFO  Bolt enabled on localhost:7687.
2017-01-04 16:03:23.288+0000 INFO  Started.
2017-01-04 16:03:27.993+0000 INFO  Remote interface available at http://localhost:7474/
2017-01-04 22:33:50.516+0000 INFO  Neo4j Server shutdown initiated by request
2017-01-04 22:33:50.925+0000 INFO  Stopping...
2017-01-04 22:33:51.804+0000 INFO  Stopped.
nohup: no se tendrá en cuenta la entrada
2017-01-06 16:37:21.726+0000 INFO  Starting...
2017-01-06 16:37:24.634+0000 INFO  Bolt enabled on localhost:7687.
2017-01-06 16:37:37.096+0000 INFO  Started.
2017-01-06 16:37:42.421+0000 INFO  Remote interface available at http://localhost:7474/
2017-01-06 20:17:57.405+0000 INFO  Neo4j Server shutdown initiated by request
2017-01-06 20:17:57.543+0000 INFO  Stopping...
2017-01-06 20:17:58.190+0000 INFO  Stopped.
nohup: no se tendrá en cuenta la entrada
2017-01-09 17:55:57.564+0000 INFO  Starting...
2017-01-09 17:56:00.642+0000 INFO  Bolt enabled on localhost:7687.
2017-01-09 17:56:15.021+0000 INFO  Started.
2017-01-09 17:56:22.961+0000 INFO  Remote interface available at http://localhost:7474/
2017-01-10 00:39:47.243+0000 INFO  Neo4j Server shutdown initiated by request
2017-01-10 00:39:47.685+0000 INFO  Stopping...
2017-01-10 00:39:48.379+0000 INFO  Stopped.
nohup: no se tendrá en cuenta la entrada
2017-01-10 17:16:23.186+0000 INFO  Starting...
2017-01-10 17:16:25.797+0000 INFO  Bolt enabled on localhost:7687.
2017-01-10 17:16:39.683+0000 INFO  Started.
2017-01-10 17:16:45.097+0000 INFO  Remote interface available at http://localhost:7474/
2017-01-10 17:55:44.063+0000 INFO  Neo4j Server shutdown initiated by request
2017-01-10 17:55:44.145+0000 INFO  Stopping...
2017-01-10 17:55:44.710+0000 INFO  Stopped.
nohup: no se tendrá en cuenta la entrada
2017-01-11 16:36:49.954+0000 INFO  Starting...
2017-01-11 16:36:52.628+0000 INFO  Bolt enabled on localhost:7687.
2017-01-11 16:37:04.327+0000 INFO  Started.
2017-01-11 16:37:08.573+0000 INFO  Remote interface available at http://localhost:7474/
2017-01-11 21:14:20.417+0000 INFO  Neo4j Server shutdown initiated by request
2017-01-11 21:14:20.523+0000 INFO  Stopping...
2017-01-11 21:14:21.226+0000 INFO  Stopped.
nohup: no se tendrá en cuenta la entrada
2017-01-14 13:13:07.508+0000 INFO  Starting...
2017-01-14 13:13:11.302+0000 INFO  Bolt enabled on localhost:7687.
2017-01-14 13:13:26.616+0000 INFO  Started.
2017-01-14 13:13:33.592+0000 INFO  Remote interface available at http://localhost:7474/
2017-01-14 13:51:52.693+0000 INFO  Neo4j Server shutdown initiated by request
2017-01-14 13:51:52.855+0000 INFO  Stopping...
2017-01-14 13:51:53.423+0000 INFO  Stopped.
nohup: no se tendrá en cuenta la entrada
2017-01-16 15:26:27.790+0000 INFO  Starting...
2017-01-16 15:26:30.474+0000 INFO  Bolt enabled on localhost:7687.
2017-01-16 15:26:43.090+0000 INFO  Started.
2017-01-16 15:26:47.764+0000 INFO  Remote interface available at http://localhost:7474/
2017-01-16 21:52:02.980+0000 INFO  Neo4j Server shutdown initiated by request
2017-01-16 21:52:03.589+0000 INFO  Stopping...
2017-01-16 21:52:04.573+0000 INFO  Stopped.
nohup: no se tendrá en cuenta la entrada
2017-01-17 13:21:36.308+0000 INFO  Starting...
2017-01-17 13:21:39.025+0000 INFO  Bolt enabled on localhost:7687.
2017-01-17 13:21:51.262+0000 INFO  Started.
2017-01-17 13:21:55.872+0000 INFO  Remote interface available at http://localhost:7474/
2017-01-17 20:06:15.437+0000 INFO  Neo4j Server shutdown initiated by request
2017-01-17 20:06:16.067+0000 INFO  Stopping...
2017-01-17 20:06:17.197+0000 INFO  Stopped.
nohup: no se tendrá en cuenta la entrada
2017-01-18 13:02:27.681+0000 INFO  Starting...
2017-01-18 13:02:30.531+0000 INFO  Bolt enabled on localhost:7687.
2017-01-18 13:02:44.162+0000 INFO  Started.
2017-01-18 13:02:51.118+0000 INFO  Remote interface available at http://localhost:7474/
2017-01-19 05:40:16.794+0000 INFO  Neo4j Server shutdown initiated by request
2017-01-19 05:40:19.069+0000 INFO  Stopping...
2017-01-19 05:40:21.879+0000 INFO  Stopped.
nohup: no se tendrá en cuenta la entrada
2017-01-20 16:23:04.446+0000 INFO  Starting...
2017-01-20 16:23:07.028+0000 INFO  Bolt enabled on localhost:7687.
2017-01-20 16:23:19.878+0000 INFO  Started.
2017-01-20 16:23:24.498+0000 INFO  Remote interface available at http://localhost:7474/
2017-01-21 04:07:22.292+0000 INFO  Neo4j Server shutdown initiated by request
2017-01-21 04:07:22.990+0000 INFO  Stopping...
2017-01-21 04:07:24.273+0000 INFO  Stopped.
nohup: no se tendrá en cuenta la entrada
2017-01-23 14:23:43.975+0000 INFO  Starting...
2017-01-23 14:23:46.657+0000 INFO  Bolt enabled on localhost:7687.
2017-01-23 14:23:59.818+0000 INFO  Started.
2017-01-23 14:24:04.621+0000 INFO  Remote interface available at http://localhost:7474/
2017-01-23 15:07:45.214+0000 INFO  Neo4j Server shutdown initiated by request
2017-01-23 15:07:45.367+0000 INFO  Stopping...
2017-01-23 15:07:46.111+0000 INFO  Stopped.
nohup: no se tendrá en cuenta la entrada
2017-01-24 01:07:55.489+0000 INFO  Starting...
2017-01-24 01:07:58.521+0000 INFO  Bolt enabled on localhost:7687.
2017-01-24 01:08:12.975+0000 INFO  Started.
2017-01-24 01:08:17.215+0000 INFO  Remote interface available at http://localhost:7474/
2017-01-24 01:42:40.962+0000 INFO  Neo4j Server shutdown initiated by request
2017-01-24 01:42:41.077+0000 INFO  Stopping...
2017-01-24 01:42:41.691+0000 INFO  Stopped.
nohup: no se tendrá en cuenta la entrada
2017-01-24 01:48:30.655+0000 INFO  Starting...
2017-01-24 01:48:33.770+0000 INFO  Bolt enabled on localhost:7687.
2017-01-24 01:48:46.406+0000 INFO  Started.
2017-01-24 01:48:50.982+0000 INFO  Remote interface available at http://localhost:7474/
2017-01-24 03:33:43.894+0000 INFO  Neo4j Server shutdown initiated by request
2017-01-24 03:33:43.998+0000 INFO  Stopping...
2017-01-24 03:33:44.599+0000 INFO  Stopped.
nohup: no se tendrá en cuenta la entrada
2017-01-24 12:58:20.489+0000 INFO  Starting...
2017-01-24 12:58:23.184+0000 INFO  Bolt enabled on localhost:7687.
2017-01-24 12:58:34.739+0000 INFO  Started.
2017-01-24 12:58:39.080+0000 INFO  Remote interface available at http://localhost:7474/
2017-01-24 16:11:29.264+0000 INFO  Neo4j Server shutdown initiated by request
2017-01-24 16:11:29.351+0000 INFO  Stopping...
2017-01-24 16:11:30.007+0000 INFO  Stopped.
nohup: no se tendrá en cuenta la entrada
2017-01-27 13:44:14.066+0000 INFO  Starting...
2017-01-27 13:44:16.793+0000 INFO  Bolt enabled on localhost:7687.
2017-01-27 13:44:28.405+0000 INFO  Started.
2017-01-27 13:44:32.548+0000 INFO  Remote interface available at http://localhost:7474/
2017-01-28 00:14:22.399+0000 INFO  Neo4j Server shutdown initiated by request
2017-01-28 00:14:22.899+0000 INFO  Stopping...
2017-01-28 00:14:25.107+0000 INFO  Stopped.
nohup: no se tendrá en cuenta la entrada
2017-01-31 14:41:58.779+0000 INFO  Starting...
2017-01-31 14:42:01.413+0000 INFO  Bolt enabled on localhost:7687.
2017-01-31 14:42:13.079+0000 INFO  Started.
2017-01-31 14:42:17.258+0000 INFO  Remote interface available at http://localhost:7474/
2017-01-31 22:08:15.900+0000 INFO  Neo4j Server shutdown initiated by request
2017-01-31 22:08:16.352+0000 INFO  Stopping...
2017-01-31 22:08:17.285+0000 INFO  Stopped.
nohup: no se tendrá en cuenta la entrada
2017-02-01 18:50:45.635+0000 INFO  Starting...
2017-02-01 18:50:48.485+0000 INFO  Bolt enabled on localhost:7687.
2017-02-01 18:51:01.361+0000 INFO  Started.
2017-02-01 18:51:06.479+0000 INFO  Remote interface available at http://localhost:7474/
2017-02-02 01:40:11.103+0000 INFO  Neo4j Server shutdown initiated by request
2017-02-02 01:40:11.209+0000 INFO  Stopping...
2017-02-02 01:40:12.018+0000 INFO  Stopped.
nohup: no se tendrá en cuenta la entrada
2017-02-06 11:49:06.524+0000 INFO  Starting...
2017-02-06 11:49:09.530+0000 INFO  Bolt enabled on localhost:7687.
2017-02-06 11:49:21.889+0000 INFO  Started.
2017-02-06 11:49:26.251+0000 INFO  Remote interface available at http://localhost:7474/
2017-02-06 12:37:25.341+0000 INFO  Neo4j Server shutdown initiated by request
2017-02-06 12:37:25.492+0000 INFO  Stopping...
2017-02-06 12:37:26.398+0000 INFO  Stopped.
nohup: no se tendrá en cuenta la entrada
2017-02-06 13:08:56.093+0000 INFO  Starting...
2017-02-06 13:09:04.181+0000 INFO  Bolt enabled on localhost:7687.
2017-02-06 13:09:26.137+0000 INFO  Started.
2017-02-06 13:09:33.561+0000 INFO  Remote interface available at http://localhost:7474/
2017-02-06 21:24:10.981+0000 INFO  Neo4j Server shutdown initiated by request
2017-02-06 21:24:11.468+0000 INFO  Stopping...
2017-02-06 21:24:12.489+0000 INFO  Stopped.
nohup: no se tendrá en cuenta la entrada
2017-02-08 13:41:16.385+0000 INFO  Starting...
2017-02-08 13:41:19.122+0000 INFO  Bolt enabled on localhost:7687.
2017-02-08 13:41:31.244+0000 INFO  Started.
2017-02-08 13:41:36.003+0000 INFO  Remote interface available at http://localhost:7474/
2017-02-08 21:59:17.438+0000 INFO  Neo4j Server shutdown initiated by request
2017-02-08 21:59:17.681+0000 INFO  Stopping...
2017-02-08 21:59:18.486+0000 INFO  Stopped.
nohup: no se tendrá en cuenta la entrada
2017-02-10 14:00:08.430+0000 INFO  Starting...
2017-02-10 14:00:11.169+0000 INFO  Bolt enabled on localhost:7687.
2017-02-10 14:00:22.829+0000 INFO  Started.
2017-02-10 14:00:27.224+0000 INFO  Remote interface available at http://localhost:7474/
2017-02-10 21:12:30.907+0000 INFO  Neo4j Server shutdown initiated by request
2017-02-10 21:12:31.271+0000 INFO  Stopping...
2017-02-10 21:12:32.100+0000 INFO  Stopped.
nohup: no se tendrá en cuenta la entrada
2017-02-13 23:02:32.214+0000 INFO  Starting...
2017-02-13 23:02:35.312+0000 INFO  Bolt enabled on localhost:7687.
2017-02-13 23:02:50.502+0000 INFO  Started.
2017-02-13 23:02:57.487+0000 INFO  Remote interface available at http://localhost:7474/
2017-02-13 23:42:02.722+0000 INFO  Neo4j Server shutdown initiated by request
2017-02-13 23:42:03.164+0000 INFO  Stopping...
2017-02-13 23:42:04.323+0000 INFO  Stopped.
nohup: no se tendrá en cuenta la entrada
2017-02-14 15:41:00.607+0000 INFO  Starting...
2017-02-14 15:41:03.399+0000 INFO  Bolt enabled on localhost:7687.
2017-02-14 15:41:17.294+0000 INFO  Started.
2017-02-14 15:41:21.688+0000 INFO  Remote interface available at http://localhost:7474/
2017-02-14 15:42:37.083+0000 WARN  Failed authentication attempt for 'neo4j' from 127.0.0.1
2017-02-14 15:42:47.701+0000 WARN  Failed authentication attempt for 'neo4j' from 127.0.0.1
2017-02-14 19:25:09.459+0000 INFO  Neo4j Server shutdown initiated by request
2017-02-14 19:25:09.647+0000 INFO  Stopping...
2017-02-14 19:25:10.563+0000 INFO  Stopped.
nohup: no se tendrá en cuenta la entrada
2017-02-28 23:53:25.342+0000 INFO  Starting...
2017-02-28 23:53:28.832+0000 INFO  Bolt enabled on localhost:7687.
2017-02-28 23:53:42.333+0000 INFO  Started.
2017-02-28 23:53:47.059+0000 INFO  Remote interface available at http://localhost:7474/
2017-03-01 04:08:47.723+0000 INFO  Neo4j Server shutdown initiated by request
2017-03-01 04:08:47.942+0000 INFO  Stopping...
2017-03-01 04:08:48.818+0000 INFO  Stopped.
nohup: no se tendrá en cuenta la entrada
2017-03-01 21:21:33.365+0000 INFO  Starting...
2017-03-01 21:21:36.178+0000 INFO  Bolt enabled on localhost:7687.
2017-03-01 21:21:48.149+0000 INFO  Started.
2017-03-01 21:21:52.387+0000 INFO  Remote interface available at http://localhost:7474/
2017-03-01 22:28:52.323+0000 INFO  Neo4j Server shutdown initiated by request
2017-03-01 22:28:52.432+0000 INFO  Stopping...
2017-03-01 22:28:53.119+0000 INFO  Stopped.
nohup: no se tendrá en cuenta la entrada
2017-03-02 13:08:03.258+0000 INFO  Starting...
2017-03-02 13:08:05.853+0000 INFO  Bolt enabled on localhost:7687.
2017-03-02 13:08:27.187+0000 INFO  Started.
2017-03-02 13:08:32.839+0000 INFO  Remote interface available at http://localhost:7474/
2017-03-02 13:44:38.485+0000 INFO  Neo4j Server shutdown initiated by request
2017-03-02 13:44:38.614+0000 INFO  Stopping...
2017-03-02 13:44:39.190+0000 INFO  Stopped.
nohup: no se tendrá en cuenta la entrada
2017-03-02 14:08:58.580+0000 INFO  Starting...
2017-03-02 14:09:01.235+0000 INFO  Bolt enabled on localhost:7687.
2017-03-02 14:09:12.676+0000 INFO  Started.
2017-03-02 14:09:16.935+0000 INFO  Remote interface available at http://localhost:7474/
2017-03-02 16:46:33.411+0000 INFO  Neo4j Server shutdown initiated by request
2017-03-02 16:46:33.537+0000 INFO  Stopping...
2017-03-02 16:46:34.159+0000 INFO  Stopped.
nohup: no se tendrá en cuenta la entrada
2017-03-03 03:42:08.862+0000 INFO  Starting...
2017-03-03 03:42:11.679+0000 INFO  Bolt enabled on localhost:7687.
2017-03-03 03:42:24.174+0000 INFO  Started.
2017-03-03 03:42:29.686+0000 INFO  Remote interface available at http://localhost:7474/
2017-03-03 15:12:07.684+0000 INFO  Neo4j Server shutdown initiated by request
2017-03-03 15:12:07.959+0000 INFO  Stopping...
2017-03-03 15:12:08.841+0000 INFO  Stopped.
nohup: no se tendrá en cuenta la entrada
2017-03-08 21:07:18.035+0000 INFO  Starting...
2017-03-08 21:07:20.676+0000 INFO  Bolt enabled on localhost:7687.
2017-03-08 21:07:32.819+0000 INFO  Started.
2017-03-08 21:07:36.987+0000 INFO  Remote interface available at http://localhost:7474/
2017-03-09 04:35:39.477+0000 INFO  Neo4j Server shutdown initiated by request
2017-03-09 04:35:39.605+0000 INFO  Stopping...
2017-03-09 04:35:40.247+0000 INFO  Stopped.
nohup: no se tendrá en cuenta la entrada
2017-03-15 14:51:13.261+0000 INFO  Starting...
2017-03-15 14:51:15.865+0000 INFO  Bolt enabled on localhost:7687.
2017-03-15 14:51:27.357+0000 INFO  Started.
2017-03-15 14:51:31.603+0000 INFO  Remote interface available at http://localhost:7474/
2017-03-16 00:28:02.335+0000 INFO  Neo4j Server shutdown initiated by request
2017-03-16 00:28:02.486+0000 INFO  Stopping...
2017-03-16 00:28:03.205+0000 INFO  Stopped.
nohup: no se tendrá en cuenta la entrada
2017-03-16 13:26:01.889+0000 INFO  Starting...
2017-03-16 13:26:04.684+0000 INFO  Bolt enabled on localhost:7687.
2017-03-16 13:26:16.195+0000 INFO  Started.
2017-03-16 13:26:20.407+0000 INFO  Remote interface available at http://localhost:7474/
2017-03-16 20:38:48.782+0000 INFO  Neo4j Server shutdown initiated by request
2017-03-16 20:38:49.705+0000 INFO  Stopping...
2017-03-16 20:38:51.376+0000 INFO  Stopped.
nohup: no se tendrá en cuenta la entrada
2017-03-17 14:05:23.500+0000 INFO  Starting...
2017-03-17 14:05:26.267+0000 INFO  Bolt enabled on localhost:7687.
2017-03-17 14:05:37.983+0000 INFO  Started.
2017-03-17 14:05:42.402+0000 INFO  Remote interface available at http://localhost:7474/
2017-03-18 03:05:55.470+0000 INFO  Neo4j Server shutdown initiated by request
2017-03-18 03:05:55.747+0000 INFO  Stopping...
2017-03-18 03:05:56.576+0000 INFO  Stopped.
nohup: no se tendrá en cuenta la entrada
2017-03-22 14:48:29.848+0000 INFO  Starting...
2017-03-22 14:48:32.478+0000 INFO  Bolt enabled on localhost:7687.
2017-03-22 14:48:47.991+0000 INFO  Started.
2017-03-22 14:48:55.731+0000 INFO  Remote interface available at http://localhost:7474/
2017-03-23 00:22:46.415+0000 INFO  Neo4j Server shutdown initiated by request
2017-03-23 00:22:48.724+0000 INFO  Stopping...
2017-03-23 00:22:51.896+0000 INFO  Stopped.
nohup: no se tendrá en cuenta la entrada
2017-03-26 19:56:26.874+0000 INFO  Starting...
2017-03-26 19:56:29.643+0000 INFO  Bolt enabled on localhost:7687.
2017-03-26 19:56:43.851+0000 INFO  Started.
2017-03-26 19:56:49.526+0000 INFO  Remote interface available at http://localhost:7474/
nohup: no se tendrá en cuenta la entrada
2017-03-27 01:57:30.950+0000 INFO  Starting...
2017-03-27 01:57:33.646+0000 INFO  Bolt enabled on localhost:7687.
2017-03-27 01:57:46.089+0000 INFO  Started.
2017-03-27 01:57:50.587+0000 INFO  Remote interface available at http://localhost:7474/
2017-03-27 02:56:01.591+0000 INFO  Neo4j Server shutdown initiated by request
2017-03-27 02:56:01.694+0000 INFO  Stopping...
2017-03-27 02:56:02.235+0000 INFO  Stopped.
nohup: no se tendrá en cuenta la entrada
2017-03-27 19:50:42.839+0000 INFO  Starting...
2017-03-27 19:50:47.319+0000 INFO  Bolt enabled on localhost:7687.
2017-03-27 19:51:02.335+0000 INFO  Started.
2017-03-27 19:51:07.362+0000 INFO  Remote interface available at http://localhost:7474/
2017-03-27 21:54:52.832+0000 INFO  Neo4j Server shutdown initiated by request
2017-03-27 21:54:53.171+0000 INFO  Stopping...
2017-03-27 21:54:54.026+0000 INFO  Stopped.
nohup: no se tendrá en cuenta la entrada
2017-03-28 15:32:48.837+0000 INFO  Starting...
2017-03-28 15:32:52.500+0000 INFO  Bolt enabled on localhost:7687.
2017-03-28 15:33:05.419+0000 INFO  Started.
2017-03-28 15:33:10.727+0000 INFO  Remote interface available at http://localhost:7474/
2017-03-28 23:16:29.341+0000 INFO  Neo4j Server shutdown initiated by request
2017-03-28 23:16:29.882+0000 INFO  Stopping...
2017-03-28 23:16:30.805+0000 INFO  Stopped.
nohup: no se tendrá en cuenta la entrada
2017-03-31 14:32:16.931+0000 INFO  Starting...
2017-03-31 14:32:20.509+0000 INFO  Bolt enabled on localhost:7687.
2017-03-31 14:32:39.461+0000 INFO  Started.
2017-03-31 14:32:46.364+0000 INFO  Remote interface available at http://localhost:7474/
2017-03-31 21:32:02.122+0000 INFO  Neo4j Server shutdown initiated by request
2017-03-31 21:32:02.466+0000 INFO  Stopping...
2017-03-31 21:32:03.269+0000 INFO  Stopped.
nohup: no se tendrá en cuenta la entrada
2017-04-03 15:41:46.300+0000 INFO  Starting...
2017-04-03 15:41:48.986+0000 INFO  Bolt enabled on localhost:7687.
2017-04-03 15:42:01.028+0000 INFO  Started.
2017-04-03 15:42:05.788+0000 INFO  Remote interface available at http://localhost:7474/
2017-04-04 02:24:02.066+0000 INFO  Neo4j Server shutdown initiated by request
2017-04-04 02:24:02.578+0000 INFO  Stopping...
2017-04-04 02:24:03.611+0000 INFO  Stopped.
nohup: no se tendrá en cuenta la entrada
2017-04-04 13:55:20.781+0000 INFO  Starting...
2017-04-04 13:55:23.555+0000 INFO  Bolt enabled on localhost:7687.
2017-04-04 13:55:35.678+0000 INFO  Started.
2017-04-04 13:55:40.375+0000 INFO  Remote interface available at http://localhost:7474/
2017-04-05 00:58:33.189+0000 INFO  Neo4j Server shutdown initiated by request
2017-04-05 00:58:33.859+0000 INFO  Stopping...
2017-04-05 00:58:34.802+0000 INFO  Stopped.
nohup: no se tendrá en cuenta la entrada
2017-04-05 13:55:35.681+0000 INFO  Starting...
2017-04-05 13:55:38.292+0000 INFO  Bolt enabled on localhost:7687.
2017-04-05 13:55:50.254+0000 INFO  Started.
2017-04-05 13:55:54.486+0000 INFO  Remote interface available at http://localhost:7474/
2017-04-05 21:06:55.192+0000 INFO  Neo4j Server shutdown initiated by request
2017-04-05 21:06:55.726+0000 INFO  Stopping...
2017-04-05 21:06:56.709+0000 INFO  Stopped.
nohup: no se tendrá en cuenta la entrada
2017-04-06 19:16:30.267+0000 INFO  Starting...
2017-04-06 19:16:33.094+0000 INFO  Bolt enabled on localhost:7687.
2017-04-06 19:16:45.464+0000 INFO  Started.
2017-04-06 19:16:49.625+0000 INFO  Remote interface available at http://localhost:7474/
2017-04-06 21:04:40.425+0000 INFO  Neo4j Server shutdown initiated by request
2017-04-06 21:04:40.595+0000 INFO  Stopping...
2017-04-06 21:04:41.485+0000 INFO  Stopped.
nohup: no se tendrá en cuenta la entrada
2017-04-15 14:51:13.124+0000 INFO  Starting...
2017-04-15 14:51:19.988+0000 INFO  Bolt enabled on localhost:7687.
2017-04-15 14:51:38.209+0000 INFO  Started.
2017-04-15 14:51:44.712+0000 INFO  Remote interface available at http://localhost:7474/
2017-04-15 22:30:08.243+0000 INFO  Neo4j Server shutdown initiated by request
2017-04-15 22:30:08.451+0000 INFO  Stopping...
2017-04-15 22:30:09.173+0000 INFO  Stopped.
nohup: no se tendrá en cuenta la entrada
2017-04-17 16:14:06.331+0000 INFO  Starting...
2017-04-17 16:14:09.421+0000 INFO  Bolt enabled on localhost:7687.
2017-04-17 16:14:24.587+0000 INFO  Started.
2017-04-17 16:14:31.978+0000 INFO  Remote interface available at http://localhost:7474/
2017-04-17 21:53:02.840+0000 INFO  Neo4j Server shutdown initiated by request
2017-04-17 21:53:03.124+0000 INFO  Stopping...
2017-04-17 21:53:03.916+0000 INFO  Stopped.
nohup: no se tendrá en cuenta la entrada
2017-04-18 13:46:18.030+0000 INFO  Starting...
2017-04-18 13:46:20.696+0000 INFO  Bolt enabled on localhost:7687.
2017-04-18 13:46:49.723+0000 INFO  Started.
2017-04-18 13:47:02.052+0000 INFO  Remote interface available at http://localhost:7474/
2017-04-18 22:45:22.230+0000 INFO  Neo4j Server shutdown initiated by request
2017-04-18 22:45:22.700+0000 INFO  Stopping...
2017-04-18 22:45:23.487+0000 INFO  Stopped.
nohup: no se tendrá en cuenta la entrada
2017-04-20 17:13:46.781+0000 INFO  Starting...
2017-04-20 17:13:49.459+0000 INFO  Bolt enabled on localhost:7687.
2017-04-20 17:14:04.891+0000 INFO  Started.
2017-04-20 17:14:12.557+0000 INFO  Remote interface available at http://localhost:7474/
2017-04-20 18:38:51.033+0000 INFO  Neo4j Server shutdown initiated by request
2017-04-20 18:38:51.219+0000 INFO  Stopping...
2017-04-20 18:38:52.064+0000 INFO  Stopped.
nohup: no se tendrá en cuenta la entrada
2017-04-25 13:29:19.433+0000 INFO  Starting...
2017-04-25 13:29:23.929+0000 INFO  Bolt enabled on localhost:7687.
2017-04-25 13:29:40.962+0000 INFO  Started.
2017-04-25 13:29:47.251+0000 INFO  Remote interface available at http://localhost:7474/
2017-04-25 16:16:40.961+0000 INFO  Neo4j Server shutdown initiated by request
2017-04-25 16:16:41.192+0000 INFO  Stopping...
2017-04-25 16:16:41.869+0000 INFO  Stopped.
nohup: no se tendrá en cuenta la entrada
2017-04-28 18:33:39.707+0000 INFO  Starting...
2017-04-28 18:33:43.280+0000 INFO  Bolt enabled on localhost:7687.
2017-04-28 18:33:57.483+0000 INFO  Started.
2017-04-28 18:34:03.048+0000 INFO  Remote interface available at http://localhost:7474/
2017-04-28 21:10:58.151+0000 INFO  Neo4j Server shutdown initiated by request
2017-04-28 21:10:58.564+0000 INFO  Stopping...
2017-04-28 21:10:59.368+0000 INFO  Stopped.
nohup: no se tendrá en cuenta la entrada
2017-05-05 17:01:53.091+0000 INFO  Starting...
2017-05-05 17:01:55.720+0000 INFO  Bolt enabled on localhost:7687.
2017-05-05 17:02:08.253+0000 INFO  Started.
2017-05-05 17:02:13.353+0000 INFO  Remote interface available at http://localhost:7474/
2017-05-05 20:36:03.228+0000 INFO  Neo4j Server shutdown initiated by request
2017-05-05 20:36:03.341+0000 INFO  Stopping...
2017-05-05 20:36:04.141+0000 INFO  Stopped.
nohup: no se tendrá en cuenta la entrada
2017-05-10 14:22:18.421+0000 INFO  Starting...
2017-05-10 14:22:21.849+0000 INFO  Bolt enabled on localhost:7687.
2017-05-10 14:22:39.347+0000 INFO  Started.
2017-05-10 14:22:45.019+0000 INFO  Remote interface available at http://localhost:7474/
2017-05-10 16:25:34.761+0000 INFO  Neo4j Server shutdown initiated by request
2017-05-10 16:25:34.936+0000 INFO  Stopping...
2017-05-10 16:25:35.791+0000 INFO  Stopped.
nohup: no se tendrá en cuenta la entrada
2017-05-15 17:53:54.151+0000 INFO  Starting...
2017-05-15 17:53:59.864+0000 INFO  Bolt enabled on localhost:7687.
2017-05-15 17:54:22.929+0000 INFO  Started.
2017-05-15 17:54:30.186+0000 INFO  Remote interface available at http://localhost:7474/
2017-05-15 23:37:21.759+0000 INFO  Neo4j Server shutdown initiated by request
2017-05-15 23:37:21.855+0000 INFO  Stopping...
2017-05-15 23:37:22.627+0000 INFO  Stopped.
nohup: no se tendrá en cuenta la entrada
2017-05-25 15:53:54.912+0000 INFO  Starting...
2017-05-25 15:53:57.679+0000 INFO  Bolt enabled on localhost:7687.
2017-05-25 15:54:10.038+0000 INFO  Started.
2017-05-25 15:54:16.844+0000 INFO  Remote interface available at http://localhost:7474/
2017-05-25 17:08:10.517+0000 INFO  Neo4j Server shutdown initiated by request
2017-05-25 17:08:10.773+0000 INFO  Stopping...
2017-05-25 17:08:11.761+0000 INFO  Stopped.
nohup: no se tendrá en cuenta la entrada
2017-05-30 17:42:13.244+0000 INFO  Starting...
2017-05-30 17:42:16.389+0000 INFO  Bolt enabled on localhost:7687.
2017-05-30 17:42:28.333+0000 INFO  Started.
2017-05-30 17:42:33.522+0000 INFO  Remote interface available at http://localhost:7474/
2017-05-31 14:57:02.343+0000 INFO  Neo4j Server shutdown initiated by request
2017-05-31 14:57:02.773+0000 INFO  Stopping...
2017-05-31 14:57:03.582+0000 INFO  Stopped.
nohup: no se tendrá en cuenta la entrada
2017-06-07 19:15:38.895+0000 INFO  Starting...
2017-06-07 19:15:41.654+0000 INFO  Bolt enabled on localhost:7687.
2017-06-07 19:15:54.557+0000 INFO  Started.
2017-06-07 19:15:58.931+0000 INFO  Remote interface available at http://localhost:7474/
2017-06-07 22:24:18.140+0000 INFO  Neo4j Server shutdown initiated by request
2017-06-07 22:24:18.586+0000 INFO  Stopping...
2017-06-07 22:24:19.435+0000 INFO  Stopped.
nohup: no se tendrá en cuenta la entrada
2017-06-12 11:59:12.966+0000 INFO  Starting...
2017-06-12 11:59:15.595+0000 INFO  Bolt enabled on localhost:7687.
2017-06-12 11:59:31.706+0000 INFO  Started.
2017-06-12 11:59:36.034+0000 INFO  Remote interface available at http://localhost:7474/
nohup: no se tendrá en cuenta la entrada
2017-06-12 14:01:43.949+0000 INFO  Starting...
2017-06-12 14:01:46.578+0000 INFO  Bolt enabled on localhost:7687.
2017-06-12 14:01:58.633+0000 INFO  Started.
2017-06-12 14:02:02.787+0000 INFO  Remote interface available at http://localhost:7474/
2017-06-12 17:30:55.474+0000 INFO  Neo4j Server shutdown initiated by request
2017-06-12 17:30:55.638+0000 INFO  Stopping...
2017-06-12 17:30:56.324+0000 INFO  Stopped.
nohup: no se tendrá en cuenta la entrada
2017-06-13 17:02:21.938+0000 INFO  Starting...
2017-06-13 17:02:24.911+0000 INFO  Bolt enabled on localhost:7687.
2017-06-13 17:02:39.484+0000 INFO  Started.
2017-06-13 17:02:45.569+0000 INFO  Remote interface available at http://localhost:7474/
2017-06-13 20:10:40.326+0000 INFO  Neo4j Server shutdown initiated by request
2017-06-13 20:10:40.894+0000 INFO  Stopping...
2017-06-13 20:10:41.953+0000 INFO  Stopped.
nohup: no se tendrá en cuenta la entrada
2017-06-14 01:13:05.946+0000 INFO  Starting...
2017-06-14 01:13:09.026+0000 INFO  Bolt enabled on localhost:7687.
2017-06-14 01:13:21.195+0000 INFO  Started.
2017-06-14 01:13:25.863+0000 INFO  Remote interface available at http://localhost:7474/
2017-06-14 03:53:17.494+0000 INFO  Neo4j Server shutdown initiated by request
2017-06-14 03:53:17.619+0000 INFO  Stopping...
2017-06-14 03:53:18.301+0000 INFO  Stopped.
nohup: no se tendrá en cuenta la entrada
2017-06-20 17:41:39.378+0000 INFO  Starting...
2017-06-20 17:41:42.320+0000 INFO  Bolt enabled on localhost:7687.
2017-06-20 17:41:55.264+0000 INFO  Started.
2017-06-20 17:42:01.800+0000 INFO  Remote interface available at http://localhost:7474/
2017-06-21 04:34:09.317+0000 INFO  Neo4j Server shutdown initiated by request
2017-06-21 04:34:10.770+0000 INFO  Stopping...
2017-06-21 04:34:12.464+0000 INFO  Stopped.
nohup: no se tendrá en cuenta la entrada
2017-06-27 15:54:54.864+0000 INFO  Starting...
2017-06-27 15:54:57.811+0000 INFO  Bolt enabled on localhost:7687.
2017-06-27 15:55:09.242+0000 INFO  Started.
2017-06-27 15:55:14.145+0000 INFO  Remote interface available at http://localhost:7474/
2017-06-27 19:08:41.036+0000 INFO  Neo4j Server shutdown initiated by request
2017-06-27 19:08:41.531+0000 INFO  Stopping...
2017-06-27 19:08:42.482+0000 INFO  Stopped.
nohup: no se tendrá en cuenta la entrada
2017-06-28 15:20:20.580+0000 INFO  Starting...
2017-06-28 15:20:23.339+0000 INFO  Bolt enabled on localhost:7687.
2017-06-28 15:20:35.508+0000 INFO  Started.
2017-06-28 15:20:39.839+0000 INFO  Remote interface available at http://localhost:7474/
2017-06-28 21:17:39.518+0000 INFO  Neo4j Server shutdown initiated by request
2017-06-28 21:17:40.363+0000 INFO  Stopping...
2017-06-28 21:17:41.798+0000 INFO  Stopped.
nohup: no se tendrá en cuenta la entrada
2017-06-30 15:31:30.083+0000 INFO  Starting...
2017-06-30 15:31:32.835+0000 INFO  Bolt enabled on localhost:7687.
2017-06-30 15:31:45.457+0000 INFO  Started.
2017-06-30 15:31:50.479+0000 INFO  Remote interface available at http://localhost:7474/
2017-06-30 20:51:57.455+0000 INFO  Neo4j Server shutdown initiated by request
2017-06-30 20:51:58.101+0000 INFO  Stopping...
2017-06-30 20:51:58.976+0000 INFO  Stopped.
nohup: no se tendrá en cuenta la entrada
2017-07-06 15:05:58.876+0000 INFO  Starting...
2017-07-06 15:06:01.892+0000 INFO  Bolt enabled on localhost:7687.
2017-07-06 15:06:17.041+0000 INFO  Started.
2017-07-06 15:06:21.467+0000 INFO  Remote interface available at http://localhost:7474/
2017-07-06 19:29:34.440+0000 INFO  Neo4j Server shutdown initiated by request
2017-07-06 19:29:34.820+0000 INFO  Stopping...
2017-07-06 19:29:35.817+0000 INFO  Stopped.
nohup: no se tendrá en cuenta la entrada
2017-07-11 13:44:16.054+0000 INFO  Starting...
2017-07-11 13:44:20.073+0000 INFO  Bolt enabled on localhost:7687.
2017-07-11 13:44:39.046+0000 INFO  Started.
2017-07-11 13:44:47.367+0000 INFO  Remote interface available at http://localhost:7474/
2017-07-12 21:47:54.242+0000 INFO  Neo4j Server shutdown initiated by request
2017-07-12 21:47:54.928+0000 INFO  Stopping...
2017-07-12 21:47:56.185+0000 INFO  Stopped.
nohup: no se tendrá en cuenta la entrada
2017-07-14 16:20:54.760+0000 INFO  Starting...
2017-07-14 16:20:57.523+0000 INFO  Bolt enabled on localhost:7687.
2017-07-14 16:21:10.102+0000 INFO  Started.
2017-07-14 16:21:14.235+0000 INFO  Remote interface available at http://localhost:7474/
2017-07-14 21:41:06.388+0000 INFO  Neo4j Server shutdown initiated by request
2017-07-14 21:41:06.779+0000 INFO  Stopping...
2017-07-14 21:41:07.660+0000 INFO  Stopped.
nohup: no se tendrá en cuenta la entrada
2017-07-19 13:33:05.490+0000 INFO  Starting...
2017-07-19 13:33:08.601+0000 INFO  Bolt enabled on localhost:7687.
2017-07-19 13:33:21.186+0000 INFO  Started.
2017-07-19 13:33:25.444+0000 INFO  Remote interface available at http://localhost:7474/
2017-07-19 21:49:30.914+0000 INFO  Neo4j Server shutdown initiated by request
2017-07-19 21:49:31.100+0000 INFO  Stopping...
2017-07-19 21:49:31.843+0000 INFO  Stopped.
nohup: no se tendrá en cuenta la entrada
2017-07-21 16:19:49.687+0000 INFO  Starting...
2017-07-21 16:19:52.441+0000 INFO  Bolt enabled on localhost:7687.
2017-07-21 16:20:04.465+0000 INFO  Started.
2017-07-21 16:20:08.834+0000 INFO  Remote interface available at http://localhost:7474/
2017-07-21 19:45:04.589+0000 INFO  Neo4j Server shutdown initiated by request
2017-07-21 19:45:04.722+0000 INFO  Stopping...
2017-07-21 19:45:05.379+0000 INFO  Stopped.
nohup: no se tendrá en cuenta la entrada
2017-07-25 16:30:28.611+0000 INFO  Starting...
2017-07-25 16:30:31.365+0000 INFO  Bolt enabled on localhost:7687.
2017-07-25 16:30:44.070+0000 INFO  Started.
2017-07-25 16:30:48.642+0000 INFO  Remote interface available at http://localhost:7474/
2017-07-26 13:48:42.288+0000 WARN  Failed authentication attempt for 'neo4j' from 127.0.0.1
2017-07-26 19:53:16.895+0000 INFO  Neo4j Server shutdown initiated by request
2017-07-26 19:53:17.740+0000 INFO  Stopping...
2017-07-26 19:53:18.807+0000 INFO  Stopped.
nohup: no se tendrá en cuenta la entrada
2017-07-27 13:33:04.334+0000 INFO  Starting...
2017-07-27 13:33:07.121+0000 INFO  Bolt enabled on localhost:7687.
2017-07-27 13:33:19.661+0000 INFO  Started.
2017-07-27 13:33:23.894+0000 INFO  Remote interface available at http://localhost:7474/
